2025-04-08T16:04:54.782Z - FAILED LOGIN for user: dsfd
2025-04-08T16:11:19.185Z - FAILED LOGIN for user: dsfd
2025-04-08T16:11:36.512Z - NEW USER REGISTERED: admin
2025-04-08T16:12:15.800Z - SUCCESSFUL LOGIN for user: admin
2025-04-09T07:53:44.093Z - FAILED LOGIN for user: sadsf
2025-04-09T07:54:00.307Z - SUCCESSFUL LOGIN for user: admin
2025-04-09T07:54:13.992Z - SUCCESSFUL LOGIN for user: admin
2025-04-09T07:54:55.115Z - NEW USER REGISTERED: eridu
2025-04-09T07:55:07.060Z - SUCCESSFUL LOGIN for user: eridu
2025-04-09T08:00:11.190Z - FAILED LOGIN for user: eridu
2025-04-09T08:00:40.714Z - FAILED LOGIN for user: eridu
2025-04-09T08:00:49.192Z - FAILED LOGIN for user: eridu
2025-04-09T08:00:57.055Z - FAILED LOGIN for user: eridu
2025-04-09T08:01:04.241Z - FAILED LOGIN for user: eridu
2025-04-09T08:01:12.925Z - FAILED LOGIN for user: eridu
2025-04-09T08:01:26.068Z - FAILED LOGIN for user: eridu
2025-04-09T08:03:32.125Z - SUCCESSFUL LOGIN for user: admin
2025-04-09T08:08:25.141Z - NEW USER REGISTERED: felix
2025-04-09T08:08:49.215Z - SUCCESSFUL LOGIN for user: felix
2025-04-09T08:09:16.159Z - NEW USER REGISTERED: dante
2025-04-09T08:10:07.404Z - SUCCESSFUL LOGIN for user: dante
2025-04-09T08:18:51.839Z - NEW USER REGISTERED: admin
2025-04-09T08:19:04.067Z - SUCCESSFUL LOGIN for user: admin
2025-04-09T08:19:46.453Z - NEW USER REGISTERED: admin2
2025-04-09T08:19:57.108Z - SUCCESSFUL LOGIN for user: admin2
2025-04-09T08:40:02.615Z - PASSWORD CHANGED for user: admin2
2025-04-09T08:40:41.631Z - FAILED LOGIN for user: admin2
2025-04-09T08:40:50.215Z - SUCCESSFUL LOGIN for user: admin2
2025-04-09T10:00:47.213Z - FAILED LOGIN for user: admin
2025-04-09T10:03:19.347Z - FAILED LOGIN for user: admin
2025-04-09T10:05:56.941Z - FAILED LOGIN for user: admin
2025-04-09T10:07:22.465Z - SUCCESSFUL LOGIN for user: admin
2025-04-09T10:08:05.792Z - SUCCESSFUL LOGIN for user: admin
2025-04-09T10:09:02.856Z - FAILED LOGIN for user: admin
2025-04-09T10:09:07.649Z - SUCCESSFUL LOGIN for user: admin
2025-04-09T10:13:57.108Z - SUCCESSFUL LOGIN for user: admin
2025-04-09T10:17:26.299Z - SUCCESSFUL LOGIN for user: admin
2025-04-09T10:18:59.416Z - FAILED LOGIN for user: admin
2025-04-09T10:19:10.978Z - FAILED LOGIN for user: admin
2025-04-09T10:19:12.366Z - FAILED LOGIN for user: admin
2025-04-09T10:19:15.847Z - FAILED LOGIN for user: admin
2025-04-09T11:01:50.706Z - FAILED LOGIN for user: admin
2025-04-09T11:01:50.709Z - ACCOUNT LOCKED for user: admin until Wed Apr 09 2025 19:16:50 GMT+0800 (Philippine Standard Time)
2025-04-09T11:07:09.149Z - NEW USER REGISTERED: mcdo
2025-04-09T14:16:59.364Z - FAILED LOGIN for non-existent user: admin
2025-04-09T14:17:07.400Z - FAILED LOGIN for non-existent user: admin
2025-04-09T14:17:17.167Z - FAILED LOGIN for non-existent user: admin
2025-04-09T14:18:06.996Z - NEW USER REGISTERED: admin
2025-04-09T14:18:18.356Z - SUCCESSFUL LOGIN for user: admin
2025-04-09T14:23:55.051Z - SUCCESSFUL LOGIN for user: admin
2025-04-09T14:24:19.169Z - SUCCESSFUL LOGIN for user: admin
2025-04-09T15:10:54.376Z - SUCCESSFUL LOGIN for user: admin
2025-04-09T15:16:44.586Z - SUCCESSFUL LOGIN for user: admin
2025-04-09T15:17:48.017Z - SUCCESSFUL LOGIN for user: admin
2025-04-09T15:19:53.786Z - SUCCESSFUL LOGIN for user: admin
2025-04-09T15:28:10.060Z - SUCCESSFUL LOGIN for user: admin
2025-04-09T15:29:08.999Z - FAILED LOGIN for non-existent user: Admin
2025-04-09T15:29:22.348Z - SUCCESSFUL LOGIN for user: admin
2025-04-09T15:33:06.267Z - SUCCESSFUL LOGIN for user: admin
2025-04-09T15:41:32.106Z - FAILED LOGIN for non-existent user: Admin
2025-04-09T15:41:47.541Z - SUCCESSFUL LOGIN for user: admin
2025-04-09T15:42:59.065Z - NEW USER REGISTERED: silka_papaya
2025-04-09T15:43:04.749Z - SUCCESSFUL LOGIN for user: silka_papaya
2025-04-09T15:44:51.132Z - SUCCESSFUL LOGIN for user: silka_papaya
2025-04-09T16:10:43.435Z - SUCCESSFUL LOGIN for user: admin
2025-04-09T16:11:39.482Z - SUCCESSFUL LOGIN for user: silka_papaya
2025-04-10T00:44:06.598Z - NEW USER REGISTERED: piattos
2025-04-10T00:44:14.158Z - SUCCESSFUL LOGIN for user: piattos
2025-04-10T00:48:17.872Z - SUCCESSFUL LOGIN for user: admin
2025-04-10T00:49:25.805Z - NEW USER REGISTERED: mary_grace
2025-04-10T00:49:30.871Z - SUCCESSFUL LOGIN for user: mary_grace
2025-04-10T00:57:25.423Z - SUCCESSFUL LOGIN for user: mary_grace
2025-04-10T00:57:39.174Z - SUCCESSFUL LOGIN for user: silka_papaya
2025-04-10T00:57:40.678Z - PRODUCTS VIEWED by silka_papaya (ID: 67f69582102f2e72b30f4d54)
2025-04-10T00:57:44.757Z - PRODUCTS VIEWED by silka_papaya (ID: 67f69582102f2e72b30f4d54)
2025-04-10T00:57:53.869Z - SUCCESSFUL LOGIN for user: admin
2025-04-10T00:58:12.191Z - PRODUCT CREATED - Name: Sugar Papaya, By: admin (ID: 67f6819e58a6665875023e57)
2025-04-10T00:58:34.281Z - SUCCESSFUL LOGIN for user: piattos
2025-04-10T00:58:43.147Z - SUCCESSFUL LOGIN for user: mary_grace
2025-04-10T00:59:01.520Z - SUCCESSFUL LOGIN for user: silka_papaya
2025-04-10T00:59:02.363Z - PRODUCTS VIEWED by silka_papaya (ID: 67f69582102f2e72b30f4d54)
2025-04-10T01:05:32.951Z - SUCCESSFUL LOGIN for user: silka_papaya
2025-04-10T01:05:45.316Z - SUCCESSFUL LOGIN for user: silka_papaya
2025-04-10T01:05:50.585Z - SUCCESSFUL LOGIN for user: piattos
2025-04-10T01:06:12.046Z - SUCCESSFUL LOGIN for user: mary_grace
2025-04-10T01:06:52.146Z - SUCCESSFUL LOGIN for user: admin
2025-04-10T01:07:27.859Z - PRODUCT CREATED - Name: Sour Papaya, By: admin (ID: 67f6819e58a6665875023e57)
2025-04-10T01:20:56.070Z - NEW USER REGISTERED: Coco_Cain
2025-04-10T01:21:00.419Z - SUCCESSFUL LOGIN for user: Coco_Cain
2025-04-10T01:26:00.477Z - ACCOUNT LOCKED during product-add for user: Coco_Cain until Thu Apr 10 2025 09:56:00 GMT+0800 (Philippine Standard Time)
2025-04-10T01:26:47.516Z - AUTO-LOGOUT: Locked user (Coco_Cain) tried to add product.
2025-04-10T01:26:56.977Z - SUCCESSFUL LOGIN for user: mary_grace
2025-04-10T01:35:51.897Z - SUCCESSFUL LOGIN for user: mary_grace
2025-04-10T01:35:57.090Z - SUCCESSFUL LOGIN for user: Coco_Cain
2025-04-10T01:40:58.555Z - ACCOUNT LOCKED (mismatch) during product-add for user: Coco_Cain until Thu Apr 10 2025 10:10:58 GMT+0800 (Philippine Standard Time)
2025-04-10T01:41:06.657Z - ACCOUNT LOCKED (mismatch) during product-add for user: Coco_Cain until Thu Apr 10 2025 10:11:06 GMT+0800 (Philippine Standard Time)
2025-04-10T01:44:50.565Z - ACCOUNT LOCKED (mismatch) during product-add for user: Coco_Cain until Thu Apr 10 2025 10:14:50 GMT+0800 (Philippine Standard Time)
2025-04-10T01:44:50.565Z - AUTO-LOGOUT: Locked user (Coco_Cain) tried to add product.
2025-04-10T01:49:17.695Z - SUCCESSFUL LOGIN for user: admin
2025-04-10T01:52:01.131Z - SUCCESSFUL LOGIN for user: admin
2025-04-10T01:53:55.516Z - PRODUCT CREATED - Name: Negative Papaya, By: admin (ID: 67f6819e58a6665875023e57)
2025-04-10T02:54:43.113Z - SUCCESSFUL LOGIN for user: mary_grace
2025-04-10T02:54:49.312Z - SUCCESSFUL LOGIN for user: silka_papaya
2025-04-10T02:54:50.380Z - PRODUCTS VIEWED by silka_papaya (ID: 67f69582102f2e72b30f4d54)
2025-04-10T02:54:55.112Z - SUCCESSFUL LOGIN for user: silka_papaya
2025-04-10T02:54:55.118Z - ORDER PLACED - Product: Bitter Papaya (ID: 67f69c2be921d9e078a68890) by silka_papaya (ID: 67f69582102f2e72b30f4d54)
2025-04-10T02:54:55.128Z - PRODUCTS VIEWED by silka_papaya (ID: 67f69582102f2e72b30f4d54)
2025-04-10T02:55:31.344Z - SUCCESSFUL LOGIN for user: mary_grace
2025-04-10T02:55:31.347Z - ORDER PLACED - Product: Bitter Papaya (ID: 67f69c2be921d9e078a68890) by mary_grace (ID: 67f71595e981b22863d3142e)
2025-04-10T02:56:08.840Z - SUCCESSFUL LOGIN for user: silka_papaya
2025-04-10T02:56:09.460Z - PRODUCTS VIEWED by silka_papaya (ID: 67f69582102f2e72b30f4d54)
2025-04-10T02:56:15.729Z - SUCCESSFUL LOGIN for user: piattos
2025-04-10T02:56:15.733Z - ORDER PLACED - Product: Bitter Papaya (ID: 67f69c2be921d9e078a68890) by piattos (ID: 67f71456e981b22863d31417)
2025-04-10T02:56:15.740Z - PRODUCTS VIEWED by piattos (ID: 67f71456e981b22863d31417)
2025-04-10T02:59:05.484Z - PRODUCTS VIEWED by piattos (ID: 67f71456e981b22863d31417)
2025-04-10T02:59:09.886Z - SUCCESSFUL LOGIN for user: piattos
2025-04-10T02:59:09.889Z - ORDER PLACED - Product: Bitter Papaya (ID: 67f69c2be921d9e078a68890) by piattos (ID: 67f71456e981b22863d31417)
2025-04-10T02:59:09.901Z - PRODUCTS VIEWED by piattos (ID: 67f71456e981b22863d31417)
2025-04-10T06:21:03.614Z - SUCCESSFUL LOGIN for user: silka_papaya
2025-04-10T06:21:06.519Z - PRODUCTS VIEWED by silka_papaya (ID: 67f69582102f2e72b30f4d54)
2025-04-10T06:21:20.575Z - ORDER PLACED - Product: Negative Papaya (ID: 67f724b380a905771a710136) by silka_papaya (ID: 67f69582102f2e72b30f4d54)
2025-04-10T06:21:20.585Z - PRODUCTS VIEWED by silka_papaya (ID: 67f69582102f2e72b30f4d54)
2025-04-10T06:29:19.745Z - PRODUCTS VIEWED by silka_papaya (ID: 67f69582102f2e72b30f4d54)
2025-04-10T06:31:50.020Z - PRODUCTS VIEWED by silka_papaya (ID: 67f69582102f2e72b30f4d54)
2025-04-10T06:32:19.456Z - PRODUCTS VIEWED by silka_papaya (ID: 67f69582102f2e72b30f4d54)
2025-04-10T06:32:23.817Z - ACCOUNT LOCKED (mismatch) during order for user: silka_papaya until Thu Apr 10 2025 15:02:23 GMT+0800 (Philippine Standard Time)
2025-04-10T06:32:23.820Z - AUTO-LOGOUT: Locked user (silka_papaya) tried to place order.
2025-04-10T10:30:54.817Z - ACCOUNT UNLOCKED (time-based) for user: silka_papaya
2025-04-10T10:30:55.021Z - SUCCESSFUL LOGIN for user: silka_papaya
2025-04-10T10:30:57.730Z - PRODUCTS VIEWED by silka_papaya (ID: 67f69582102f2e72b30f4d54)
2025-04-10T10:34:55.812Z - PRODUCTS VIEWED by silka_papaya (ID: 67f69582102f2e72b30f4d54)
2025-04-10T10:34:59.510Z - ORDER PLACED - Product: Negative Papaya (ID: 67f724b380a905771a710136) by silka_papaya (ID: 67f69582102f2e72b30f4d54)
2025-04-10T10:34:59.519Z - PRODUCTS VIEWED by silka_papaya (ID: 67f69582102f2e72b30f4d54)
2025-04-10T10:35:37.839Z - SUCCESSFUL LOGIN for user: silka_papaya
2025-04-10T10:36:04.092Z - SUCCESSFUL LOGIN for user: silka_papaya
2025-04-10T10:36:05.233Z - PRODUCTS VIEWED by silka_papaya (ID: 67f69582102f2e72b30f4d54)
2025-04-10T10:36:09.819Z - PRODUCTS VIEWED by silka_papaya (ID: 67f69582102f2e72b30f4d54)
2025-04-10T10:36:45.873Z - SUCCESSFUL LOGIN for user: piattos
2025-04-10T10:36:51.275Z - SUCCESSFUL LOGIN for user: mary_grace
2025-04-10T10:42:43.259Z - SUCCESSFUL LOGIN for user: silka_papaya
2025-04-10T10:42:45.011Z - ORDERS VIEWED by silka_papaya (ID: 67f69582102f2e72b30f4d54)
2025-04-10T10:42:57.507Z - PRODUCTS VIEWED by silka_papaya (ID: 67f69582102f2e72b30f4d54)
2025-04-10T10:43:07.127Z - ORDERS VIEWED by silka_papaya (ID: 67f69582102f2e72b30f4d54)
2025-04-10T10:43:08.752Z - PRODUCTS VIEWED by silka_papaya (ID: 67f69582102f2e72b30f4d54)
2025-04-10T10:43:11.705Z - PRODUCTS VIEWED by silka_papaya (ID: 67f69582102f2e72b30f4d54)
2025-04-10T10:43:15.055Z - ORDERS VIEWED by silka_papaya (ID: 67f69582102f2e72b30f4d54)
2025-04-10T10:43:17.197Z - PRODUCTS VIEWED by silka_papaya (ID: 67f69582102f2e72b30f4d54)
2025-04-10T10:52:11.829Z - ORDERS VIEWED by silka_papaya (ID: 67f69582102f2e72b30f4d54)
2025-04-10T10:53:36.509Z - ORDERS VIEWED by silka_papaya (ID: 67f69582102f2e72b30f4d54)
2025-04-10T10:53:41.461Z - ORDER DELETED - Product: Negative Papaya (ID: 67f724b380a905771a710136) by silka_papaya (ID: 67f69582102f2e72b30f4d54)
2025-04-10T10:53:41.478Z - ORDERS VIEWED by silka_papaya (ID: 67f69582102f2e72b30f4d54)
2025-04-10T10:54:07.436Z - ORDERS VIEWED by silka_papaya (ID: 67f69582102f2e72b30f4d54)
2025-04-10T10:58:29.397Z - PRODUCTS VIEWED by silka_papaya (ID: 67f69582102f2e72b30f4d54)
2025-04-10T10:58:32.665Z - PRODUCTS VIEWED by silka_papaya (ID: 67f69582102f2e72b30f4d54)
2025-04-10T10:58:37.676Z - ORDER PLACED - Product: Bitter Papaya (ID: 67f69c2be921d9e078a68890) by silka_papaya (ID: 67f69582102f2e72b30f4d54)
2025-04-10T10:58:37.685Z - PRODUCTS VIEWED by silka_papaya (ID: 67f69582102f2e72b30f4d54)
2025-04-10T10:58:40.923Z - ORDERS VIEWED by silka_papaya (ID: 67f69582102f2e72b30f4d54)
2025-04-10T10:58:44.613Z - ORDER DELETED - Product: Bitter Papaya (ID: 67f69c2be921d9e078a68890) by silka_papaya (ID: 67f69582102f2e72b30f4d54)
2025-04-10T10:58:44.621Z - ORDERS VIEWED by silka_papaya (ID: 67f69582102f2e72b30f4d54)
2025-04-10T11:02:37.319Z - PRODUCTS VIEWED by silka_papaya (ID: 67f69582102f2e72b30f4d54)
2025-04-10T11:02:40.324Z - ORDER PLACED - Product: Sugar Papaya (ID: 67f717a45f6969f9ab21ac56) by silka_papaya (ID: 67f69582102f2e72b30f4d54)
2025-04-10T11:02:40.335Z - PRODUCTS VIEWED by silka_papaya (ID: 67f69582102f2e72b30f4d54)
2025-04-10T11:02:43.723Z - ORDERS VIEWED by silka_papaya (ID: 67f69582102f2e72b30f4d54)
2025-04-10T11:04:27.245Z - ORDERS VIEWED by silka_papaya (ID: 67f69582102f2e72b30f4d54)
2025-04-10T11:04:35.010Z - ORDERS VIEWED by silka_papaya (ID: 67f69582102f2e72b30f4d54)
2025-04-10T11:05:17.046Z - ORDERS VIEWED by silka_papaya (ID: 67f69582102f2e72b30f4d54)
2025-04-10T11:05:19.725Z - ORDERS VIEWED by silka_papaya (ID: 67f69582102f2e72b30f4d54)
2025-04-10T11:09:43.883Z - ORDER DELETED - Product: Negative Papaya (ID: 67f724b380a905771a710136) by silka_papaya (ID: 67f69582102f2e72b30f4d54)
2025-04-10T11:09:43.903Z - ORDERS VIEWED by silka_papaya (ID: 67f69582102f2e72b30f4d54)
2025-04-10T11:11:01.272Z - ORDER DELETED - Product: Sugar Papaya (ID: 67f717a45f6969f9ab21ac56) by silka_papaya (ID: 67f69582102f2e72b30f4d54)
2025-04-10T11:11:01.281Z - ORDERS VIEWED by silka_papaya (ID: 67f69582102f2e72b30f4d54)
2025-04-10T11:13:12.735Z - PRODUCTS VIEWED by silka_papaya (ID: 67f69582102f2e72b30f4d54)
2025-04-10T11:13:15.598Z - PRODUCTS VIEWED by silka_papaya (ID: 67f69582102f2e72b30f4d54)
2025-04-10T11:13:17.984Z - ORDER PLACED - Product: Negative Papaya (ID: 67f724b380a905771a710136) by silka_papaya (ID: 67f69582102f2e72b30f4d54)
2025-04-10T11:13:17.994Z - PRODUCTS VIEWED by silka_papaya (ID: 67f69582102f2e72b30f4d54)
2025-04-10T11:13:20.393Z - ORDERS VIEWED by silka_papaya (ID: 67f69582102f2e72b30f4d54)
2025-04-10T11:13:22.429Z - ORDER DELETED - Product: Negative Papaya (ID: 67f724b380a905771a710136) by silka_papaya (ID: 67f69582102f2e72b30f4d54)
2025-04-10T11:13:22.438Z - ORDERS VIEWED by silka_papaya (ID: 67f69582102f2e72b30f4d54)
2025-04-10T11:13:26.881Z - PRODUCTS VIEWED by silka_papaya (ID: 67f69582102f2e72b30f4d54)
2025-04-10T13:56:49.401Z - SUCCESSFUL LOGIN for user: silka_papaya
2025-04-10T13:56:52.676Z - ORDERS VIEWED by silka_papaya (ID: 67f69582102f2e72b30f4d54)
2025-04-10T13:56:55.882Z - PRODUCTS VIEWED by silka_papaya (ID: 67f69582102f2e72b30f4d54)
2025-04-10T13:57:08.242Z - SUCCESSFUL LOGIN for user: admin
2025-04-10T13:57:38.194Z - SUCCESSFUL LOGIN for user: admin
2025-04-10T14:03:00.024Z - SUCCESSFUL LOGIN for user: admin
2025-04-10T14:06:36.772Z - SUCCESSFUL LOGIN for user: admin
2025-04-10T14:06:54.624Z - SUCCESSFUL LOGIN for user: admin
2025-04-10T14:07:09.224Z - SUCCESSFUL LOGIN for user: admin
2025-04-10T14:16:54.125Z - SUCCESSFUL LOGIN for user: admin
2025-04-10T14:17:06.362Z - SUCCESSFUL LOGIN for user: admin
2025-04-10T14:26:25.267Z - SUCCESSFUL LOGIN for user: admin
2025-04-10T14:42:37.016Z - SUCCESSFUL LOGIN for user: admin
2025-04-10T14:53:43.103Z - PRODUCT UPDATED - Name: Bitter Papaya, By: admin (ID: 67f6819e58a6665875023e57)
2025-04-10T14:54:06.794Z - PRODUCT UPDATED - Name: Bitter Papaya, By: admin (ID: 67f6819e58a6665875023e57)
2025-04-10T14:56:23.046Z - PRODUCT UPDATED - Name: Bitter Papaya, By: admin (ID: 67f6819e58a6665875023e57)
2025-04-10T14:59:17.162Z - PRODUCT UPDATED - Name: Bitter Papaya, By: admin (ID: 67f6819e58a6665875023e57)
2025-04-10T14:59:27.966Z - PRODUCT UPDATED - Name: Bitter Papaya, By: admin (ID: 67f6819e58a6665875023e57)
2025-04-10T15:03:21.123Z - PRODUCT UPDATED - Name: Bitter Papaya, By: admin (ID: 67f6819e58a6665875023e57)
2025-04-10T15:06:30.084Z - PRODUCT UPDATED - Name: Bitter Papaya, By: admin (ID: 67f6819e58a6665875023e57)
2025-04-10T15:08:52.990Z - PRODUCT UPDATED - Name: Bitter Papaya, By: admin (ID: 67f6819e58a6665875023e57)
2025-04-10T15:09:34.746Z - PRODUCT UPDATED - Name: Bitter Papaya, By: admin (ID: 67f6819e58a6665875023e57)
2025-04-10T15:12:40.577Z - SUCCESSFUL LOGIN for user: admin
2025-04-10T15:12:47.770Z - SUCCESSFUL LOGIN for user: admin
2025-04-10T15:30:52.865Z - SUCCESSFUL LOGIN for user: admin
2025-04-10T15:41:23.547Z - PRODUCT UPDATED - Name: Bitter Papaya, By: admin (ID: 67f6819e58a6665875023e57)
2025-04-10T15:44:28.204Z - SUCCESSFUL LOGIN for user: admin
2025-04-10T15:46:08.042Z - PRODUCT DELETED - Name: Sour Papaya, By: admin (ID: 67f6819e58a6665875023e57)
2025-04-10T15:59:43.147Z - SUCCESSFUL LOGIN for user: admin
2025-04-10T15:59:51.028Z - PRODUCT UPDATED - Name: Bitter Papaya, By: admin (ID: 67f6819e58a6665875023e57)
2025-04-10T15:59:55.473Z - PRODUCT DELETED - Name: Bitter Papaya, By: admin (ID: 67f6819e58a6665875023e57)
2025-04-10T16:00:16.593Z - PRODUCT CREATED - Name: Hehe Papaya, By: admin (ID: 67f6819e58a6665875023e57)
2025-04-10T16:00:27.961Z - PRODUCT UPDATED - Name: Hehe Papaya, By: admin (ID: 67f6819e58a6665875023e57)
2025-04-10T16:06:06.616Z - SUCCESSFUL LOGIN for user: admin
2025-04-10T16:07:45.669Z - SUCCESSFUL LOGIN for user: admin
2025-04-10T16:13:55.625Z - SUCCESSFUL LOGIN for user: silka_papaya
2025-04-10T16:13:57.795Z - ORDERS VIEWED by silka_papaya (ID: 67f69582102f2e72b30f4d54)
2025-04-10T16:13:59.124Z - PRODUCTS VIEWED by silka_papaya (ID: 67f69582102f2e72b30f4d54)
2025-04-10T16:16:23.522Z - SUCCESSFUL LOGIN for user: admin
2025-04-10T16:18:53.715Z - SUCCESSFUL LOGIN for user: admin
2025-04-10T16:31:29.148Z - MANAGER ORDER VIEWED - Username: admin, Orders fetched: 0, Products involved: 3
2025-04-10T16:32:03.464Z - PRODUCT DELETED - Name: Negative Papaya, By: admin (ID: 67f6819e58a6665875023e57)
2025-04-10T16:32:34.187Z - PRODUCT UPDATED - Name: Hehe Papaya, By: admin (ID: 67f6819e58a6665875023e57)
2025-04-10T16:35:04.371Z - SUCCESSFUL LOGIN for user: silka_papaya
2025-04-10T16:35:06.701Z - PRODUCTS VIEWED by silka_papaya (ID: 67f69582102f2e72b30f4d54)
2025-04-10T16:35:12.595Z - ORDER PLACED - Product: Sugar Papaya (ID: 67f717a45f6969f9ab21ac56) by silka_papaya (ID: 67f69582102f2e72b30f4d54)
2025-04-10T16:35:12.605Z - PRODUCTS VIEWED by silka_papaya (ID: 67f69582102f2e72b30f4d54)
2025-04-10T16:35:16.489Z - ORDERS VIEWED by silka_papaya (ID: 67f69582102f2e72b30f4d54)
2025-04-10T16:35:19.275Z - PRODUCTS VIEWED by silka_papaya (ID: 67f69582102f2e72b30f4d54)
2025-04-10T16:35:26.680Z - SUCCESSFUL LOGIN for user: admin
2025-04-10T16:35:28.123Z - MANAGER ORDER VIEWED - Username: admin, Orders fetched: 1, Products involved: 2
2025-04-10T16:44:50.985Z - MANAGER ORDER VIEWED - Username: admin, Orders fetched: 1, Products involved: 2
2025-04-10T17:00:25.599Z - MANAGER ORDER VIEWED - Username: admin, Orders fetched: 0, Products involved: 0
2025-04-10T17:02:32.080Z - MANAGER ORDER VIEWED - Username: admin, Orders fetched: 1, Products involved: 2
2025-04-10T17:02:59.636Z - MANAGER ORDER VIEWED - Username: admin, Orders fetched: 1, Products involved: 2
2025-04-10T17:03:28.387Z - MANAGER ORDER VIEWED - Username: admin, Orders fetched: 1, Products involved: 2
2025-04-10T17:13:49.697Z - SUCCESSFUL LOGIN for user: admin
2025-04-10T17:13:59.913Z - USER LOGIN SUCCESSFUL - Username: admin
2025-04-10T17:13:59.931Z - MANAGER ORDER VIEWED - Username: admin, Orders fetched: 1, Products involved: 2
2025-04-10T17:16:24.816Z - SUCCESSFUL LOGIN for user: admin
2025-04-10T17:16:24.839Z - MANAGER ORDER VIEWED - Username: admin, Orders fetched: 1, Products involved: 2
2025-04-10T17:16:35.857Z - FAILED LOGIN for user: silka_papaya
2025-04-10T17:18:29.253Z - FAILED LOGIN for user: silka_papaya
2025-04-10T17:20:30.209Z - FAILED LOGIN for user: silka_papaya
2025-04-10T17:22:18.025Z - SUCCESSFUL LOGIN for user: admin
2025-04-10T17:22:18.048Z - MANAGER ORDER VIEWED - Username: admin, Orders fetched: 1, Products involved: 2
2025-04-10T17:23:26.743Z - SUCCESSFUL LOGIN for user: admin
2025-04-10T17:23:26.776Z - MANAGER ORDER VIEWED - Username: admin, Orders fetched: 1, Products involved: 2
2025-04-10T17:23:32.427Z - FAILED LOGIN for user: Coco_Cain
2025-04-10T17:25:58.273Z - FAILED LOGIN for user: silka_papaya
2025-04-10T17:26:59.359Z - FAILED LOGIN for user: admin
2025-04-10T17:27:09.793Z - FAILED LOGIN for user: Coco_Cain
2025-04-10T17:27:46.529Z - FAILED LOGIN for user: silka_papaya
2025-04-10T17:27:46.530Z - ACCOUNT LOCKED for user: silka_papaya until Fri Apr 11 2025 01:57:46 GMT+0800 (Philippine Standard Time)
2025-04-10T17:28:32.370Z - SUCCESSFUL LOGIN for user: silka_papaya
2025-04-10T17:33:06.510Z - SUCCESSFUL LOGIN for user: silka_papaya
2025-04-10T17:34:10.601Z - SUCCESSFUL LOGIN for user: silka_papaya
2025-04-10T17:35:04.310Z - SUCCESSFUL LOGIN for user: admin
2025-04-10T17:35:08.395Z - FAILED LOGIN for user: silka_papaya
2025-04-10T17:36:50.799Z - FAILED LOGIN for user: admin
2025-04-10T17:37:17.266Z - ACCOUNT UNLOCKED (time-based) for user: Coco_Cain
2025-04-10T17:37:17.475Z - SUCCESSFUL LOGIN for user: Coco_Cain
2025-04-10T17:37:26.437Z - SUCCESSFUL LOGIN for user: Coco_Cain
2025-04-10T17:37:26.449Z - MANAGER ORDER VIEWED - Username: Coco_Cain, Orders fetched: 0, Products involved: 0
2025-04-10T17:38:01.587Z - PRODUCT CREATED - Name: Ginisang Manga, By: Coco_Cain (ID: 67f71cf77493911d74093451)
2025-04-10T17:38:12.717Z - PRODUCT UPDATED - Name: Ginisang Manga, By: Coco_Cain (ID: 67f71cf77493911d74093451)
2025-04-10T17:41:12.264Z - SUCCESSFUL LOGIN for user: silka_papaya
2025-04-10T17:41:14.100Z - PRODUCTS VIEWED by silka_papaya (ID: 67f69582102f2e72b30f4d54)
2025-04-10T17:41:24.429Z - ORDER PLACED - Product: Ginisang Manga (ID: 67f801f9afac8f4449e76b5a) by silka_papaya (ID: 67f69582102f2e72b30f4d54)
2025-04-10T17:41:24.440Z - PRODUCTS VIEWED by silka_papaya (ID: 67f69582102f2e72b30f4d54)
2025-04-10T17:41:30.122Z - PRODUCTS VIEWED by silka_papaya (ID: 67f69582102f2e72b30f4d54)
2025-04-10T17:41:55.919Z - ORDERS VIEWED by silka_papaya (ID: 67f69582102f2e72b30f4d54)
2025-04-10T17:42:07.114Z - PRODUCTS VIEWED by silka_papaya (ID: 67f69582102f2e72b30f4d54)
2025-04-10T17:42:22.668Z - ORDERS VIEWED by silka_papaya (ID: 67f69582102f2e72b30f4d54)
2025-04-10T17:42:25.914Z - PRODUCTS VIEWED by silka_papaya (ID: 67f69582102f2e72b30f4d54)
2025-04-10T17:42:29.378Z - ORDERS VIEWED by silka_papaya (ID: 67f69582102f2e72b30f4d54)
2025-04-10T17:42:34.649Z - ORDERS VIEWED by silka_papaya (ID: 67f69582102f2e72b30f4d54)
2025-04-10T17:42:55.389Z - ORDER DELETED - Product: Sugar Papaya (ID: 67f717a45f6969f9ab21ac56) by silka_papaya (ID: 67f69582102f2e72b30f4d54)
2025-04-10T17:42:55.400Z - ORDERS VIEWED by silka_papaya (ID: 67f69582102f2e72b30f4d54)
2025-04-10T17:43:04.030Z - ORDERS VIEWED by silka_papaya (ID: 67f69582102f2e72b30f4d54)
2025-04-10T17:43:09.583Z - PRODUCTS VIEWED by silka_papaya (ID: 67f69582102f2e72b30f4d54)
2025-04-10T17:43:14.993Z - PRODUCTS VIEWED by silka_papaya (ID: 67f69582102f2e72b30f4d54)
2025-04-10T17:43:18.270Z - PRODUCTS VIEWED by silka_papaya (ID: 67f69582102f2e72b30f4d54)
2025-04-10T17:43:25.684Z - ORDER PLACED - Product: Sugar Papaya (ID: 67f717a45f6969f9ab21ac56) by silka_papaya (ID: 67f69582102f2e72b30f4d54)
2025-04-10T17:43:25.694Z - PRODUCTS VIEWED by silka_papaya (ID: 67f69582102f2e72b30f4d54)
2025-04-10T17:43:30.635Z - ORDERS VIEWED by silka_papaya (ID: 67f69582102f2e72b30f4d54)
2025-04-10T17:43:34.537Z - PRODUCTS VIEWED by silka_papaya (ID: 67f69582102f2e72b30f4d54)
2025-04-10T17:44:57.142Z - NEW USER REGISTERED: ADMIN
2025-04-10T17:45:01.152Z - SUCCESSFUL LOGIN for user: ADMIN
2025-04-10T17:46:25.918Z - PASSWORD CHANGED for user: ADMIN
2025-04-10T17:46:48.728Z - PASSWORD CHANGED for user: ADMIN
2025-04-10T17:52:15.405Z - SUCCESSFUL LOGIN for user: admin
2025-04-10T17:52:19.928Z - SUCCESSFUL LOGIN for user: admin
2025-04-10T17:52:19.941Z - MANAGER ORDER VIEWED - Username: admin, Orders fetched: 1, Products involved: 2
2025-04-10T17:52:37.675Z - PRODUCT DELETED - Name: Sugar Papaya, By: admin (ID: 67f6819e58a6665875023e57)
2025-04-10T18:06:18.488Z - SUCCESSFUL LOGIN for user: admin
2025-04-10T18:06:18.512Z - MANAGER ORDER VIEWED - Username: admin, Orders fetched: 0, Products involved: 1
2025-04-10T18:09:30.465Z - FAILED LOGIN for user: admin
2025-04-10T18:12:49.708Z - SUCCESSFUL LOGIN for user: admin
2025-04-10T18:15:28.708Z - SUCCESSFUL LOGIN for user: admin
2025-04-10T18:15:59.584Z - SUCCESSFUL LOGIN for user: admin
2025-04-10T18:16:22.966Z - SUCCESSFUL LOGIN for user: admin
2025-04-10T18:18:59.821Z - SUCCESSFUL LOGIN for user: admin
2025-04-10T18:19:35.326Z - SUCCESSFUL LOGIN for user: admin
2025-04-10T18:21:33.105Z - SUCCESSFUL LOGIN for user: admin
2025-04-10T18:26:03.039Z - FAILED LOGIN for user: admin
2025-04-10T18:26:22.008Z - FAILED LOGIN for user: admin
2025-04-10T18:26:31.092Z - SUCCESSFUL LOGIN for user: admin
2025-04-10T18:33:32.812Z - PASSWORD CHANGED for user: admin
2025-04-11T03:33:17.575Z - SUCCESSFUL LOGIN for user: Jasmine
2025-04-11T03:33:35.363Z - SUCCESSFUL LOGIN for user: newton
2025-04-11T03:33:37.640Z - ORDERS VIEWED by newton (ID: 67f79d984a91249230168f80)
2025-04-11T03:33:39.667Z - PRODUCTS VIEWED by newton (ID: 67f79d984a91249230168f80)
2025-04-11T03:33:41.912Z - PRODUCTS VIEWED by newton (ID: 67f79d984a91249230168f80)
2025-04-11T03:34:04.703Z - PRODUCTS VIEWED by newton (ID: 67f79d984a91249230168f80)
2025-04-11T03:34:23.275Z - SUCCESSFUL LOGIN for user: Yuri
2025-04-11T03:34:59.725Z - FAILED LOGIN for user: Yuri
2025-04-11T03:35:12.133Z - FAILED LOGIN for user: Yuri
2025-04-11T03:35:26.088Z - SUCCESSFUL LOGIN for user: Yuri
2025-04-11T03:35:26.095Z - MANAGER ORDER VIEWED - Username: Yuri, Orders fetched: 0, Products involved: 0
2025-04-11T03:40:26.190Z - SUCCESSFUL LOGIN for user: Jasmine
2025-04-11T03:40:43.652Z - SUCCESSFUL LOGIN for user: newton
2025-04-11T03:40:44.804Z - ORDERS VIEWED by newton (ID: 67f79d984a91249230168f80)
2025-04-11T03:40:46.468Z - PRODUCTS VIEWED by newton (ID: 67f79d984a91249230168f80)
2025-04-11T03:40:49.548Z - PRODUCTS VIEWED by newton (ID: 67f79d984a91249230168f80)
2025-04-11T03:40:50.860Z - ORDERS VIEWED by newton (ID: 67f79d984a91249230168f80)
2025-04-11T03:40:51.804Z - PRODUCTS VIEWED by newton (ID: 67f79d984a91249230168f80)
2025-04-11T03:41:30.164Z - SUCCESSFUL LOGIN for user: Yuri
2025-04-11T03:42:09.370Z - SUCCESSFUL LOGIN for user: newton
2025-04-11T03:42:11.202Z - PRODUCTS VIEWED by newton (ID: 67f79d984a91249230168f80)
2025-04-11T03:42:12.602Z - ORDERS VIEWED by newton (ID: 67f79d984a91249230168f80)
2025-04-11T03:46:46.012Z - PRODUCTS VIEWED by newton (ID: 67f79d984a91249230168f80)
2025-04-11T03:46:52.011Z - ORDERS VIEWED by newton (ID: 67f79d984a91249230168f80)
2025-04-11T03:46:53.363Z - PRODUCTS VIEWED by newton (ID: 67f79d984a91249230168f80)
2025-04-11T03:53:50.224Z - ORDERS VIEWED by newton (ID: 67f79d984a91249230168f80)
2025-04-11T03:53:53.728Z - PRODUCTS VIEWED by newton (ID: 67f79d984a91249230168f80)
2025-04-11T03:53:56.809Z - ORDERS VIEWED by newton (ID: 67f79d984a91249230168f80)
2025-04-11T03:55:37.349Z - ORDERS VIEWED by newton (ID: 67f79d984a91249230168f80)
2025-04-11T03:55:38.284Z - ORDERS VIEWED by newton (ID: 67f79d984a91249230168f80)
2025-04-11T03:55:39.621Z - PRODUCTS VIEWED by newton (ID: 67f79d984a91249230168f80)
2025-04-11T03:55:41.421Z - ORDERS VIEWED by newton (ID: 67f79d984a91249230168f80)
2025-04-11T03:55:42.548Z - ORDERS VIEWED by newton (ID: 67f79d984a91249230168f80)
2025-04-11T03:55:42.732Z - ORDERS VIEWED by newton (ID: 67f79d984a91249230168f80)
2025-04-11T03:55:43.263Z - ORDERS VIEWED by newton (ID: 67f79d984a91249230168f80)
2025-04-11T03:56:24.604Z - ORDERS VIEWED by newton (ID: 67f79d984a91249230168f80)
2025-04-11T03:56:25.427Z - ORDERS VIEWED by newton (ID: 67f79d984a91249230168f80)
2025-04-11T03:56:26.292Z - PRODUCTS VIEWED by newton (ID: 67f79d984a91249230168f80)
2025-04-11T03:56:28.124Z - PRODUCTS VIEWED by newton (ID: 67f79d984a91249230168f80)
2025-04-11T03:56:29.525Z - ORDERS VIEWED by newton (ID: 67f79d984a91249230168f80)
2025-04-11T03:56:35.884Z - PRODUCTS VIEWED by newton (ID: 67f79d984a91249230168f80)
2025-04-11T03:56:47.620Z - SUCCESSFUL LOGIN for user: newton
2025-04-11T03:56:49.012Z - PRODUCTS VIEWED by newton (ID: 67f79d984a91249230168f80)
2025-04-11T03:56:50.219Z - ORDERS VIEWED by newton (ID: 67f79d984a91249230168f80)
2025-04-11T03:56:52.051Z - PRODUCTS VIEWED by newton (ID: 67f79d984a91249230168f80)
2025-04-11T04:15:13.035Z - SUCCESSFUL LOGIN for user: Jasmine
2025-04-11T04:15:34.231Z - SUCCESSFUL LOGIN for user: newton
2025-04-11T04:15:35.608Z - PRODUCTS VIEWED by newton (ID: 67f79d984a91249230168f80)
2025-04-11T04:15:37.055Z - ORDERS VIEWED by newton (ID: 67f79d984a91249230168f80)
2025-04-11T04:15:38.286Z - PRODUCTS VIEWED by newton (ID: 67f79d984a91249230168f80)
2025-04-11T04:15:46.031Z - SUCCESSFUL LOGIN for user: Yuri
2025-04-11T04:22:25.508Z - SUCCESSFUL LOGIN for user: Yuri
2025-04-11T04:45:25.039Z - SUCCESSFUL LOGIN for user: Yuri
2025-04-11T04:46:25.057Z - SUCCESSFUL LOGIN for user: Yuri
2025-04-11T04:46:37.855Z - SUCCESSFUL LOGIN for user: Yuri
2025-04-11T04:46:51.726Z - SUCCESSFUL LOGIN for user: Yuri
2025-04-11T04:49:27.844Z - SUCCESSFUL LOGIN for user: Yuri
2025-04-11T04:50:18.496Z - SUCCESSFUL LOGIN for user: Yuri
2025-04-11T04:50:18.502Z - MANAGER ORDER VIEWED - Username: Yuri, Orders fetched: 0, Products involved: 0
2025-04-11T04:56:56.701Z - FAILED LOGIN for user: Yuri
2025-04-11T04:57:06.958Z - SUCCESSFUL LOGIN for user: Yuri
2025-04-11T04:57:06.963Z - MANAGER ORDER VIEWED - Username: Yuri, Orders fetched: 0, Products involved: 0
2025-04-11T04:57:58.365Z - SUCCESSFUL LOGIN for user: Yuri
2025-04-11T04:57:58.370Z - MANAGER ORDER VIEWED - Username: Yuri, Orders fetched: 0, Products involved: 0
2025-04-11T04:58:00.371Z - MANAGER ORDER VIEWED - Username: Yuri, Orders fetched: 0, Products involved: 0
2025-04-11T04:58:00.619Z - MANAGER ORDER VIEWED - Username: Yuri, Orders fetched: 0, Products involved: 0
2025-04-11T04:58:01.003Z - MANAGER ORDER VIEWED - Username: Yuri, Orders fetched: 0, Products involved: 0
2025-04-11T04:58:39.827Z - MANAGER ORDER VIEWED - Username: Yuri, Orders fetched: 0, Products involved: 0
2025-04-11T04:59:04.434Z - SUCCESSFUL LOGIN for user: Jasmine
2025-04-11T04:59:16.890Z - SUCCESSFUL LOGIN for user: newton
2025-04-11T04:59:17.810Z - PRODUCTS VIEWED by newton (ID: 67f79d984a91249230168f80)
2025-04-11T04:59:19.658Z - ORDERS VIEWED by newton (ID: 67f79d984a91249230168f80)
2025-04-11T04:59:23.250Z - PRODUCTS VIEWED by newton (ID: 67f79d984a91249230168f80)
2025-04-11T04:59:24.705Z - PRODUCTS VIEWED by newton (ID: 67f79d984a91249230168f80)
2025-04-11T04:59:26.058Z - ORDERS VIEWED by newton (ID: 67f79d984a91249230168f80)
2025-04-11T04:59:27.074Z - PRODUCTS VIEWED by newton (ID: 67f79d984a91249230168f80)
2025-04-11T04:59:34.984Z - SUCCESSFUL LOGIN for user: Yuri
2025-04-11T04:59:47.313Z - SUCCESSFUL LOGIN for user: Yuri
2025-04-11T05:00:08.392Z - SUCCESSFUL LOGIN for user: Yuri
2025-04-11T05:00:08.397Z - MANAGER ORDER VIEWED - Username: Yuri, Orders fetched: 0, Products involved: 0
2025-04-11T05:12:49.757Z - SUCCESSFUL LOGIN for user: Yuri
2025-04-11T06:55:55.484Z - SUCCESSFUL LOGIN for user: Yuri
2025-04-11T06:56:15.354Z - FAILED LOGIN for user: Yuri
2025-04-11T06:56:31.483Z - SUCCESSFUL LOGIN for user: Yuri
2025-04-11T06:57:16.044Z - PRODUCT CREATED - Name: Soft Pinch Liquid Blush, By: Yuri (ID: 67f7e2994a91249230168fac)
2025-04-11T06:57:29.617Z - SUCCESSFUL LOGIN for user: Yuri
2025-04-11T06:57:35.847Z - PRODUCT UPDATED - Name: Soft Pinch Liquid Blush, By: Yuri (ID: 67f7e2994a91249230168fac)
2025-04-11T06:59:30.922Z - PRODUCT CREATED - Name: Stay Vulnerable Glossy Lip Balm, By: Yuri (ID: 67f7e2994a91249230168fac)
2025-04-11T06:59:48.262Z - SUCCESSFUL LOGIN for user: Yuri
2025-04-11T07:00:36.172Z - SUCCESSFUL LOGIN for user: Yuri
2025-04-11T07:00:56.050Z - FAILED LOGIN for user: Jasmine
2025-04-11T07:01:04.460Z - SUCCESSFUL LOGIN for user: newton
2025-04-11T07:01:05.745Z - PRODUCTS VIEWED by newton (ID: 67f79d984a91249230168f80)
2025-04-11T07:01:12.236Z - ORDERS VIEWED by newton (ID: 67f79d984a91249230168f80)
2025-04-11T07:01:13.141Z - PRODUCTS VIEWED by newton (ID: 67f79d984a91249230168f80)
2025-04-11T07:01:22.939Z - SUCCESSFUL LOGIN for user: Yuri
2025-04-11T07:04:55.694Z - SUCCESSFUL LOGIN for user: Yuri
2025-04-11T07:31:14.091Z - SUCCESSFUL LOGIN for user: Yuri
2025-04-11T07:45:15.856Z - SUCCESSFUL LOGIN for user: newton
2025-04-11T07:45:17.108Z - PRODUCTS VIEWED by newton (ID: 67f79d984a91249230168f80)
2025-04-11T07:45:30.086Z - ORDER PLACED - Product: Soft Pinch Liquid Blush (ID: 67f8bd4c139d46bb2c290c66) by newton (ID: 67f79d984a91249230168f80)
2025-04-11T07:45:30.092Z - PRODUCTS VIEWED by newton (ID: 67f79d984a91249230168f80)
2025-04-11T07:45:33.792Z - ORDERS VIEWED by newton (ID: 67f79d984a91249230168f80)
2025-04-11T07:45:42.040Z - PRODUCTS VIEWED by newton (ID: 67f79d984a91249230168f80)
2025-04-11T07:45:50.815Z - SUCCESSFUL LOGIN for user: Jasmine
2025-04-11T07:46:00.558Z - SUCCESSFUL LOGIN for user: Yuri
2025-04-11T07:46:07.798Z - SUCCESSFUL LOGIN for user: Yuri
2025-04-11T07:46:20.550Z - SUCCESSFUL LOGIN for user: Yuri
2025-04-11T07:46:20.560Z - MANAGER ORDER VIEWED - Username: Yuri, Orders fetched: 1, Products involved: 2
